2023-10-22 00:20:11,334 INFO o.a.j.u.JMeterUtils: Setting Locale to it_IT
2023-10-22 00:20:11,343 ERROR o.a.j.u.JMeterUtils: Could not find resources for 'it_IT'
2023-10-22 00:20:11,343 INFO o.a.j.JMeter: Loading user properties from: user.properties
2023-10-22 00:20:11,344 INFO o.a.j.JMeter: Loading system properties from: system.properties
2023-10-22 00:20:11,347 INFO o.a.j.JMeter: Copyright (c) 1998-2018 The Apache Software Foundation
2023-10-22 00:20:11,347 INFO o.a.j.JMeter: Version 5.0 r1840935
2023-10-22 00:20:11,347 INFO o.a.j.JMeter: java.version=1.8.0_181
2023-10-22 00:20:11,347 INFO o.a.j.JMeter: java.vm.name=Java HotSpot(TM) 64-Bit Server VM
2023-10-22 00:20:11,347 INFO o.a.j.JMeter: os.name=Windows 10
2023-10-22 00:20:11,347 INFO o.a.j.JMeter: os.arch=amd64
2023-10-22 00:20:11,347 INFO o.a.j.JMeter: os.version=10.0
2023-10-22 00:20:11,347 INFO o.a.j.JMeter: file.encoding=Cp1252
2023-10-22 00:20:11,347 INFO o.a.j.JMeter: Max memory     =3749183488
2023-10-22 00:20:11,347 INFO o.a.j.JMeter: Available Processors =20
2023-10-22 00:20:11,352 INFO o.a.j.JMeter: Default Locale=italiano (Italia)
2023-10-22 00:20:11,352 INFO o.a.j.JMeter: JMeter  Locale=italiano (Italia)
2023-10-22 00:20:11,352 INFO o.a.j.JMeter: JMeterHome=C:\Users\alefo\Desktop\GENIO\DeFog\DeFog-master\DeFog\jmeter
2023-10-22 00:20:11,352 INFO o.a.j.JMeter: user.dir  =C:\Users\alefo\Desktop\GENIO\DeFog\DeFog-master\DeFog\jmeter\bin
2023-10-22 00:20:11,353 INFO o.a.j.JMeter: PWD       =C:\Users\alefo\Desktop\GENIO\DeFog\DeFog-master\DeFog\jmeter\bin
2023-10-22 00:20:11,359 INFO o.a.j.JMeter: IP: 192.168.1.10 Name: MSI FullName: MSI.homenet.telecomitalia.it
2023-10-22 00:20:11,488 INFO o.a.j.g.a.LookAndFeelCommand: Installing Darcula LAF
2023-10-22 00:20:11,499 INFO o.a.j.g.a.LookAndFeelCommand: Using look and feel: com.bulenkov.darcula.DarculaLaf [Darcula]
2023-10-22 00:20:11,499 INFO o.a.j.JMeter: Setting LAF to: com.bulenkov.darcula.DarculaLaf
2023-10-22 00:20:11,541 INFO o.a.j.JMeter: Loaded icon properties from org/apache/jmeter/images/icon.properties
2023-10-22 00:20:11,893 INFO o.a.j.e.u.CompoundVariable: Note: Function class names must contain the string: '.functions.'
2023-10-22 00:20:11,894 INFO o.a.j.e.u.CompoundVariable: Note: Function class names must not contain the string: '.gui.'
2023-10-22 00:20:12,753 INFO o.a.j.p.h.s.HTTPSamplerBase: Parser for text/html is org.apache.jmeter.protocol.http.parser.LagartoBasedHtmlParser
2023-10-22 00:20:12,753 INFO o.a.j.p.h.s.HTTPSamplerBase: Parser for application/xhtml+xml is org.apache.jmeter.protocol.http.parser.LagartoBasedHtmlParser
2023-10-22 00:20:12,753 INFO o.a.j.p.h.s.HTTPSamplerBase: Parser for application/xml is org.apache.jmeter.protocol.http.parser.LagartoBasedHtmlParser
2023-10-22 00:20:12,753 INFO o.a.j.p.h.s.HTTPSamplerBase: Parser for text/xml is org.apache.jmeter.protocol.http.parser.LagartoBasedHtmlParser
2023-10-22 00:20:12,754 INFO o.a.j.p.h.s.HTTPSamplerBase: Parser for text/vnd.wap.wml is org.apache.jmeter.protocol.http.parser.RegexpHTMLParser
2023-10-22 00:20:12,754 INFO o.a.j.p.h.s.HTTPSamplerBase: Parser for text/css is org.apache.jmeter.protocol.http.parser.CssParser
2023-10-22 00:20:13,138 INFO o.a.j.e.KeyToolUtils: keytool found at 'keytool'
2023-10-22 00:20:13,138 INFO o.a.j.p.h.p.ProxyControl: HTTP(S) Test Script Recorder SSL Proxy will use keys that support embedded 3rd party resources in file C:\Users\alefo\Desktop\GENIO\DeFog\DeFog-master\DeFog\jmeter\bin\proxyserver.jks
2023-10-22 00:20:13,202 INFO o.a.j.s.FileServer: Default base='C:\Users\alefo\Desktop\GENIO\DeFog\DeFog-master\DeFog\jmeter\bin'
2023-10-22 00:20:13,445 INFO o.a.j.s.SampleResult: Note: Sample TimeStamps are START times
2023-10-22 00:20:13,445 INFO o.a.j.s.SampleResult: sampleresult.default.encoding is set to ISO-8859-1
2023-10-22 00:20:13,445 INFO o.a.j.s.SampleResult: sampleresult.useNanoTime=true
2023-10-22 00:20:13,445 INFO o.a.j.s.SampleResult: sampleresult.nanoThreadSleep=5000
